<?xml version="1.0" encoding="utf-8"?><testsuites name="pytest tests"><testsuite name="pytest" errors="0" failures="0" skipped="0" tests="23" time="11.547" timestamp="2026-04-30T11:21:29.407190+00:00" hostname="agent-env-8e46da27-ef9e-4a5f-9fc6-737677bcde15"><testcase classname="backend.tests.test_autopost_api.TestHealth" name="test_health_endpoint" time="0.270" /><testcase classname="backend.tests.test_autopost_api.TestAuth" name="test_login_success" time="0.327" /><testcase classname="backend.tests.test_autopost_api.TestAuth" name="test_login_invalid_credentials" time="0.376" /><testcase classname="backend.tests.test_autopost_api.TestAuth" name="test_login_nonexistent_user" time="0.148" /><testcase classname="backend.tests.test_autopost_api.TestAuth" name="test_me_endpoint_with_token" time="0.434" /><testcase classname="backend.tests.test_autopost_api.TestAuth" name="test_me_endpoint_without_token" time="0.097" /><testcase classname="backend.tests.test_autopost_api.TestAuth" name="test_logout" time="0.102" /><testcase classname="backend.tests.test_autopost_api.TestBrainStatus" name="test_brain_status" time="0.471" /><testcase classname="backend.tests.test_autopost_api.TestPlatforms" name="test_get_platforms" time="0.531" /><testcase classname="backend.tests.test_autopost_api.TestPlatforms" name="test_platforms_unauthorized" time="0.428" /><testcase classname="backend.tests.test_autopost_api.TestComments" name="test_get_comments" time="0.434" /><testcase classname="backend.tests.test_autopost_api.TestComments" name="test_reply_to_comment" time="0.676" /><testcase classname="backend.tests.test_autopost_api.TestComments" name="test_comments_unauthorized" time="0.434" /><testcase classname="backend.tests.test_autopost_api.TestVault" name="test_get_vault_keys" time="0.444" /><testcase classname="backend.tests.test_autopost_api.TestVault" name="test_save_vault_key" time="0.553" /><testcase classname="backend.tests.test_autopost_api.TestVault" name="test_vault_unauthorized" time="0.439" /><testcase classname="backend.tests.test_autopost_api.TestAgentLogs" name="test_get_agent_logs" time="0.435" /><testcase classname="backend.tests.test_autopost_api.TestAgentLogs" name="test_agent_logs_unauthorized" time="0.555" /><testcase classname="backend.tests.test_autopost_api.TestContentPipeline" name="test_start_pipeline" time="0.529" /><testcase classname="backend.tests.test_autopost_api.TestContentPipeline" name="test_get_pipeline" time="2.341" /><testcase classname="backend.tests.test_autopost_api.TestContentPipeline" name="test_list_pipelines" time="0.467" /><testcase classname="backend.tests.test_autopost_api.TestContentPipeline" name="test_pipeline_not_found" time="0.439" /><testcase classname="backend.tests.test_autopost_api.TestContentPipeline" name="test_pipeline_unauthorized" time="0.438" /></testsuite></testsuites>